<?xml version="1.0" encoding="UTF-8"?>
<!-- Generated by org.testng.reporters.JUnitReportReporter -->
<testsuite hostname="DESKTOP-2AMH4DH" failures="0" tests="1" name="testCases.TC_002_Login" time="2.482" errors="0" timestamp="2024-04-23T14:36:39 IST" skipped="0">
  <testcase classname="testCases.TC_002_Login" name="LoginAccount" time="2.482"/>
</testsuite> <!-- testCases.TC_002_Login -->
