<?xml version="1.0" encoding="UTF-8"?>
<!-- Generated by org.testng.reporters.JUnitReportReporter -->
<testsuite hostname="DESKTOP-2AMH4DH" failures="0" tests="2" name="testCases.TC_04" time="39.967" errors="0" timestamp="2024-04-23T14:39:47 IST" skipped="0">
  <testcase classname="testCases.TC_04" name="register" time="32.482"/>
  <testcase classname="testCases.TC_04" name="setup" time="7.485"/>
</testsuite> <!-- testCases.TC_04 -->
