<?xml version="1.0" encoding="UTF-8"?>
<!-- Generated by org.testng.reporters.JUnitReportReporter -->
<testsuite hostname="DESKTOP-2AMH4DH" failures="0" tests="2" name="testCases.TC_02" time="48.737" errors="0" timestamp="2024-04-23T14:38:20 IST" skipped="0">
  <testcase classname="testCases.TC_02" name="register" time="41.001"/>
  <testcase classname="testCases.TC_02" name="setup" time="7.736"/>
</testsuite> <!-- testCases.TC_02 -->
