<?xml version="1.0" encoding="UTF-8"?>
<!-- Generated by org.testng.reporters.JUnitReportReporter -->
<testsuite hostname="DESKTOP-2AMH4DH" failures="0" tests="1" name="testCases.Tc_001_NewRegistration" time="14.588" errors="0" timestamp="2024-03-12T10:47:25 IST" skipped="0">
  <testcase classname="testCases.Tc_001_NewRegistration" name="registrationAccout" time="14.588"/>
</testsuite> <!-- testCases.Tc_001_NewRegistration -->
