<?xml version="1.0" encoding="UTF-8"?>
<!-- Generated by org.testng.reporters.JUnitReportReporter -->
<testsuite hostname="DESKTOP-2AMH4DH" failures="0" tests="2" name="testCases.TC_03" time="21.560" errors="0" timestamp="2024-04-23T14:38:56 IST" skipped="0">
  <testcase classname="testCases.TC_03" name="setup" time="7.472"/>
  <testcase classname="testCases.TC_03" name="register" time="14.088"/>
</testsuite> <!-- testCases.TC_03 -->
