<?xml version="1.0" encoding="UTF-8"?>
<!-- Generated by org.testng.reporters.JUnitReportReporter -->
<testsuite hostname="DESKTOP-2AMH4DH" failures="0" tests="1" name="testCases.Tc_001_NewRegistration" time="14.321" errors="0" timestamp="2024-03-05T15:34:20 IST" skipped="0">
  <testcase classname="testCases.Tc_001_NewRegistration" name="registrationAccout" time="14.321"/>
</testsuite> <!-- testCases.Tc_001_NewRegistration -->
