<?xml version="1.0" encoding="UTF-8"?>
<!-- Generated by org.testng.reporters.JUnitReportReporter -->
<testsuite hostname="DESKTOP-2AMH4DH" failures="0" tests="2" name="testCases.TC_05" time="22.975" errors="0" timestamp="2024-04-23T14:40:20 IST" skipped="0">
  <testcase classname="testCases.TC_05" name="setup" time="6.615"/>
  <testcase classname="testCases.TC_05" name="register" time="16.360"/>
</testsuite> <!-- testCases.TC_05 -->
