<?xml version="1.0" encoding="UTF-8"?>
<!-- Generated by org.testng.reporters.JUnitReportReporter -->
<testsuite hostname="DESKTOP-2AMH4DH" failures="0" tests="1" name="testCases.Tc_003_login1" time="6.767" errors="0" timestamp="2024-03-29T22:46:07 IST" skipped="0">
  <testcase classname="testCases.Tc_003_login1" name="setup" time="6.767"/>
</testsuite> <!-- testCases.Tc_003_login1 -->
