<?xml version="1.0" encoding="UTF-8"?>
<!-- Generated by org.testng.reporters.JUnitReportReporter -->
<testsuite hostname="DESKTOP-2AMH4DH" failures="0" tests="2" name="testCases.TC_01_login" time="17.526" errors="0" timestamp="2024-04-23T14:37:18 IST" skipped="0">
  <testcase classname="testCases.TC_01_login" name="register" time="10.300"/>
  <testcase classname="testCases.TC_01_login" name="setup" time="7.226"/>
</testsuite> <!-- testCases.TC_01_login -->
